<?xml version="1.0" encoding="UTF-8"?>
<!-- Generated by org.testng.reporters.JUnitReportReporter -->
<testsuite hostname="Macintoshs-MacBook-Pro.local" failures="0" tests="1" name="CartTest" time="0.585" errors="0" timestamp="2020-12-13T23:11:38 CET" skipped="0">
  <testcase classname="CartTest" name="addToCartTest" time="0.585"/>
  <system-out/>
</testsuite> <!-- CartTest -->
