<?xml version="1.0" encoding="UTF-8"?>
<!-- Generated by org.testng.reporters.JUnitReportReporter -->
<testsuite hostname="Macintoshs-MacBook-Pro.local" failures="0" tests="5" name="SignInTest" time="2.062" errors="0" timestamp="2020-12-13T17:47:35 CET" skipped="0">
  <testcase classname="SignInTest" name="lockedOutUserErrorMessageTest" time="0.425"/>
  <system-out/>
  <testcase classname="SignInTest" name="incorrectDetailsErrorMessageTest" time="0.518"/>
  <system-out/>
  <testcase classname="SignInTest" name="requiredPasswordErrorMessageTest" time="0.305"/>
  <system-out/>
  <testcase classname="SignInTest" name="successfulSignInTest" time="0.503"/>
  <system-out/>
  <testcase classname="SignInTest" name="requiredUserNameErrorMessageTest" time="0.311"/>
  <system-out/>
</testsuite> <!-- SignInTest -->
