<?xml version="1.0" encoding="UTF-8"?>
<!-- Generated by org.testng.reporters.JUnitReportReporter -->
<testsuite hostname="Macintoshs-MacBook-Pro.local" failures="0" tests="5" name="SignInTest" time="7.547" errors="0" timestamp="2020-12-13T23:11:38 CET" skipped="0">
  <testcase classname="SignInTest" name="requiredPasswordErrorMessageTest" time="0.451"/>
  <system-out/>
  <testcase classname="SignInTest" name="lockedOutUserErrorMessageTest" time="0.677"/>
  <system-out/>
  <testcase classname="SignInTest" name="requiredUserNameErrorMessageTest" time="0.367"/>
  <system-out/>
  <testcase classname="SignInTest" name="incorrectDetailsErrorMessageTest" time="0.905"/>
  <system-out/>
  <testcase classname="SignInTest" name="successfulSignInTest" time="5.147"/>
  <system-out/>
</testsuite> <!-- SignInTest -->
