<?xml version="1.0" encoding="UTF-8"?>
<!-- Generated by org.testng.reporters.JUnitReportReporter -->
<testsuite hostname="Macintoshs-MacBook-Pro.local" failures="0" tests="5" name="SignInTest" time="2.158" errors="0" timestamp="2020-12-13T12:48:16 CET" skipped="0">
  <testcase classname="SignInTest" name="lockedOutUserErrorMessageTest" time="0.450"/>
  <system-out/>
  <testcase classname="SignInTest" name="incorrectDetailsErrorMessageTest" time="0.598"/>
  <system-out/>
  <testcase classname="SignInTest" name="requiredPasswordErrorMessageTest" time="0.302"/>
  <system-out/>
  <testcase classname="SignInTest" name="successfulSignInTest" time="0.506"/>
  <system-out/>
  <testcase classname="SignInTest" name="requiredUserNameErrorMessageTest" time="0.302"/>
  <system-out/>
</testsuite> <!-- SignInTest -->
