<?xml version="1.0" encoding="UTF-8"?>
<!-- Generated by org.testng.reporters.JUnitReportReporter -->
<testsuite hostname="Macintoshs-MacBook-Pro.local" failures="0" tests="5" name="SignInTest" time="7.395" errors="0" timestamp="2020-12-13T22:35:10 CET" skipped="0">
  <testcase classname="SignInTest" name="requiredUserNameErrorMessageTest" time="0.459"/>
  <system-out/>
  <testcase classname="SignInTest" name="incorrectDetailsErrorMessageTest" time="0.847"/>
  <system-out/>
  <testcase classname="SignInTest" name="successfulSignInTest" time="1.191"/>
  <system-out/>
  <testcase classname="SignInTest" name="requiredPasswordErrorMessageTest" time="4.341"/>
  <system-out/>
  <testcase classname="SignInTest" name="lockedOutUserErrorMessageTest" time="0.557"/>
  <system-out/>
</testsuite> <!-- SignInTest -->
