<?xml version="1.0" encoding="UTF-8"?>
<!-- Generated by org.testng.reporters.JUnitReportReporter -->
<testsuite hostname="Macintoshs-MacBook-Pro.local" failures="0" tests="3" name="SignInTest" time="6.628" errors="0" timestamp="2020-12-13T01:38:28 CET" skipped="0">
  <testcase classname="SignInTest" name="successfulSignInTest" time="1.190"/>
  <system-out/>
  <testcase classname="SignInTest" name="incorrectDetailsErrorMessageTest" time="4.943"/>
  <system-out/>
  <testcase classname="SignInTest" name="requiredPasswordErrorMessageTest" time="0.495"/>
  <system-out/>
</testsuite> <!-- SignInTest -->
