<?xml version="1.0" encoding="UTF-8"?>
<!-- Generated by org.testng.reporters.JUnitReportReporter -->
<testsuite hostname="Macintoshs-MacBook-Pro.local" failures="0" tests="5" name="SignInTest" time="7.838" errors="0" timestamp="2020-12-13T21:17:18 CET" skipped="0">
  <testcase classname="SignInTest" name="requiredPasswordErrorMessageTest" time="0.373"/>
  <system-out/>
  <testcase classname="SignInTest" name="successfulSignInTest" time="1.235"/>
  <system-out/>
  <testcase classname="SignInTest" name="incorrectDetailsErrorMessageTest" time="0.828"/>
  <system-out/>
  <testcase classname="SignInTest" name="lockedOutUserErrorMessageTest" time="0.527"/>
  <system-out/>
  <testcase classname="SignInTest" name="requiredUserNameErrorMessageTest" time="4.875"/>
  <system-out/>
</testsuite> <!-- SignInTest -->
