<?xml version="1.0" encoding="UTF-8"?>
<!-- Generated by org.testng.reporters.JUnitReportReporter -->
<testsuite hostname="Macintoshs-MacBook-Pro.local" failures="0" tests="5" name="SignInTest" time="2.278" errors="0" timestamp="2020-12-13T19:46:01 CET" skipped="0">
  <testcase classname="SignInTest" name="requiredPasswordErrorMessageTest" time="0.296"/>
  <system-out/>
  <testcase classname="SignInTest" name="successfulSignInTest" time="0.456"/>
  <system-out/>
  <testcase classname="SignInTest" name="requiredUserNameErrorMessageTest" time="0.287"/>
  <system-out/>
  <testcase classname="SignInTest" name="incorrectDetailsErrorMessageTest" time="0.743"/>
  <system-out/>
  <testcase classname="SignInTest" name="lockedOutUserErrorMessageTest" time="0.496"/>
  <system-out/>
</testsuite> <!-- SignInTest -->
