<?xml version="1.0" encoding="UTF-8"?>
<!-- Generated by org.testng.reporters.JUnitReportReporter -->
<testsuite hostname="Macintoshs-MacBook-Pro.local" failures="0" tests="5" name="SignInTest" time="2.397" errors="0" timestamp="2020-12-13T12:37:01 CET" skipped="0">
  <testcase classname="SignInTest" name="lockedOutUserErrorMessageTest" time="0.528"/>
  <system-out/>
  <testcase classname="SignInTest" name="incorrectDetailsErrorMessageTest" time="0.633"/>
  <system-out/>
  <testcase classname="SignInTest" name="requiredPasswordErrorMessageTest" time="0.367"/>
  <system-out/>
  <testcase classname="SignInTest" name="successfulSignInTest" time="0.526"/>
  <system-out/>
  <testcase classname="SignInTest" name="requiredUserNameErrorMessageTest" time="0.343"/>
  <system-out/>
</testsuite> <!-- SignInTest -->
