<?xml version="1.0" encoding="UTF-8"?>
<!-- Generated by org.testng.reporters.JUnitReportReporter -->
<testsuite hostname="Macintoshs-MacBook-Pro.local" failures="0" tests="1" name="CartTest" time="25.856" errors="0" timestamp="2020-12-13T17:47:35 CET" skipped="0">
  <testcase classname="CartTest" name="addToCartTest" time="25.856"/>
  <system-out/>
</testsuite> <!-- CartTest -->
